<?xml version="1.0" encoding="UTF-8"?>
<testng-results ignored="0" total="2" passed="2" failed="0" skipped="0">
  <reporter-output>
  </reporter-output>
  <suite started-at="2025-03-24T09:08:43 IST" name="Default suite" finished-at="2025-03-24T09:09:01 IST" duration-ms="18042">
    <groups>
    </groups>
    <test started-at="2025-03-24T09:08:43 IST" name="Default test" finished-at="2025-03-24T09:09:01 IST" duration-ms="18042">
      <class name="sample.DataProviderPractice">
        <test-method signature="practice(java.util.HashMap)[pri:0, instance:sample.DataProviderPractice@e350b40]" started-at="2025-03-24T09:08:43 IST" name="practice" data-provider="getDataHashMap" finished-at="2025-03-24T09:08:54 IST" duration-ms="10371" status="PASS">
          <params>
            <param index="0">
              <value>
                <![CDATA[{password=admin, username=admin}]]>
              </value>
            </param>
          </params>
          <reporter-output>
          </reporter-output>
        </test-method> <!-- practice -->
        <test-method signature="practice(java.util.HashMap)[pri:0, instance:sample.DataProviderPractice@e350b40]" started-at="2025-03-24T09:08:54 IST" name="practice" data-provider="getDataHashMap" finished-at="2025-03-24T09:09:01 IST" duration-ms="7607" status="PASS">
          <params>
            <param index="0">
              <value>
                <![CDATA[{password=admin456, username=admin123}]]>
              </value>
            </param>
          </params>
          <reporter-output>
          </reporter-output>
        </test-method> <!-- practice -->
      </class> <!-- sample.DataProviderPractice -->
    </test> <!-- Default test -->
  </suite> <!-- Default suite -->
</testng-results>
